<?xml version="1.0" encoding="UTF-8" ?>
<testsuite tests="12" failures="1" name="TestSuite" time="3.151" errors="0" skipped="0">
  <properties>
[...]
</properties>
  <testcase classname="pe.edu.upc.dao.impl.TMantengoClienteHibernateDaoTest" name="testInsertar" time="0.172"/>
  <testcase classname="pe.edu.upc.dao.impl.TMantengoClienteHibernateDaoTest" name="testInsertarIncorrecto" time="0.532"/>
  <testcase classname="pe.edu.upc.dao.impl.TMantengoClienteHibernateDaoTest" name="testObtenerIncorrecto" time="0"/>
  <testcase classname="pe.edu.upc.dao.impl.TMantengoClienteHibernateDaoTest" name="testObtener" time="0"/>
  <testcase classname="pe.edu.upc.dao.impl.TMantengoClienteHibernateDaoTest" name="testActualizar" time="0"/>
  <testcase classname="pe.edu.upc.dao.impl.TMantengoClienteHibernateDaoTest" name="testActualizarIncorrecto" time="0"/>
  <testcase classname="pe.edu.upc.dao.impl.TMantengoClienteHibernateDaoTest" name="testListar" time="0"/>
  <testcase classname="pe.edu.upc.dao.impl.TMantengoClienteHibernateDaoTest" name="testEliminar" time="0"/>
  <testcase classname="pe.edu.upc.dao.impl.TMantengoClienteHibernateDaoTest" name="testEliminarIncorrecto" time="0.015"/>
  <testcase classname="pe.edu.upc.dao.impl.TMantengoClienteHibernateDaoTest" name="testListarNoVacio" time="0"/>
  <testcase classname="pe.edu.upc.dao.impl.TMantengoClienteHibernateDaoTest" name="testListarNoVacioMensaje" time="0"/>
  <testcase classname="pe.edu.upc.dao.impl.TMantengoClienteHibernateDaoTest" name="testSumaNumeros" time="0">
    <failure message="ERROR CON LA PRUEBA UNITARIA: null" type="java.lang.AssertionError">java.lang.AssertionError: ERROR CON LA PRUEBA UNITARIA: null
	at org.testng.Assert.fail(Assert.java:89)
	at pe.edu.upc.dao.impl.TMantengoClienteHibernateDaoTest.testSumaNumeros(TMantengoClienteHibernateDaoTest.java:255)
</failure>
    <system-out>METODO QUE SE EJECUTA AL FINAL DE CADA METODO
METODO QUE SE EJECUTA AL INICO DE CADA METODO
</system-out>
    <system-err>java.lang.NullPointerException
	at pe.edu.upc.dao.impl.TMantengoClienteHibernateDaoTest.testSumaNumeros(TMantengoClienteHibernateDaoTest.java:249)
	at sun.reflect.NativeMethodAccessorImpl.invoke0(Native Method)
	at sun.reflect.NativeMethodAccessorImpl.invoke(NativeMethodAccessorImpl.java:62)
	at sun.reflect.DelegatingMethodAccessorImpl.invoke(DelegatingMethodAccessorImpl.java:43)
	at java.lang.reflect.Method.invoke(Method.java:498)
	at org.testng.internal.MethodInvocationHelper.invokeMethod(MethodInvocationHelper.java:80)
	at org.testng.internal.Invoker.invokeMethod(Invoker.java:673)
	at org.testng.internal.Invoker.invokeTestMethod(Invoker.java:842)
	at org.testng.internal.Invoker.invokeTestMethods(Invoker.java:1166)
	at org.testng.internal.TestMethodWorker.invokeTestMethods(TestMethodWorker.java:125)
	at org.testng.internal.TestMethodWorker.run(TestMethodWorker.java:109)
	at org.testng.TestRunner.runWorkers(TestRunner.java:1178)
	at org.testng.TestRunner.privateRun(TestRunner.java:757)
	at org.testng.TestRunner.run(TestRunner.java:608)
	at org.testng.SuiteRunner.runTest(SuiteRunner.java:334)
	at org.testng.SuiteRunner.runSequentially(SuiteRunner.java:329)
	at org.testng.SuiteRunner.privateRun(SuiteRunner.java:291)
	at org.testng.SuiteRunner.run(SuiteRunner.java:240)
	at org.testng.SuiteRunnerWorker.runSuite(SuiteRunnerWorker.java:52)
	at org.testng.SuiteRunnerWorker.run(SuiteRunnerWorker.java:86)
	at org.testng.TestNG.runSuitesSequentially(TestNG.java:1158)
	at org.testng.TestNG.runSuitesLocally(TestNG.java:1083)
	at org.testng.TestNG.run(TestNG.java:999)
	at org.apache.maven.surefire.testng.TestNGExecutor.run(TestNGExecutor.java:70)
	at org.apache.maven.surefire.testng.TestNGDirectoryTestSuite.executeMulti(TestNGDirectoryTestSuite.java:158)
	at org.apache.maven.surefire.testng.TestNGDirectoryTestSuite.execute(TestNGDirectoryTestSuite.java:98)
	at org.apache.maven.surefire.testng.TestNGProvider.invoke(TestNGProvider.java:111)
	at sun.reflect.NativeMethodAccessorImpl.invoke0(Native Method)
	at sun.reflect.NativeMethodAccessorImpl.invoke(NativeMethodAccessorImpl.java:62)
	at sun.reflect.DelegatingMethodAccessorImpl.invoke(DelegatingMethodAccessorImpl.java:43)
	at java.lang.reflect.Method.invoke(Method.java:498)
	at org.apache.maven.surefire.util.ReflectionUtils.invokeMethodWithArray(ReflectionUtils.java:164)
	at org.apache.maven.surefire.booter.ProviderFactory$ProviderProxy.invoke(ProviderFactory.java:110)
	at org.apache.maven.surefire.booter.SurefireStarter.invokeProvider(SurefireStarter.java:175)
	at org.apache.maven.surefire.booter.SurefireStarter.runSuitesInProcessWhenForked(SurefireStarter.java:107)
	at org.apache.maven.surefire.booter.ForkedBooter.main(ForkedBooter.java:68)
</system-err>
  </testcase>
</testsuite>